<?xml version="1.0" encoding="UTF-8"?>
<!-- Generated by org.testng.reporters.JUnitXMLReporter -->
<testsuite ignored="3" hostname="DESKTOP-FQQ0RHP" failures="0" tests="1" name="Default test" time="5.038" errors="0" timestamp="2025-12-26T15:54:50 EET">
  <testcase classname="MyTestCases" name="readData" time="0.397"/>
  <testcase classname="MyTestCases" name="updateData" time="0.0">
    <ignored/>
  </testcase> <!-- updateData -->
  <testcase classname="MyTestCases" name="addData" time="0.0">
    <ignored/>
  </testcase> <!-- addData -->
  <testcase classname="MyTestCases" name="deleteData" time="0.0">
    <ignored/>
  </testcase> <!-- deleteData -->
</testsuite> <!-- Default test -->
