<?xml version="1.0" encoding="UTF-8"?>
<testng-results ignored="3" total="4" passed="1" failed="0" skipped="0">
  <reporter-output>
  </reporter-output>
  <suite started-at="2025-12-26T15:54:45 EET" name="Default suite" finished-at="2025-12-26T15:54:50 EET" duration-ms="5038">
    <groups>
    </groups>
    <test started-at="2025-12-26T15:54:45 EET" name="Default test" finished-at="2025-12-26T15:54:50 EET" duration-ms="5038">
      <class name="MyTestCases">
        <test-method is-config="true" signature="mySetUp()[pri:0, instance:MyTestCases@23bff419]" started-at="2025-12-26T15:54:45 EET" name="mySetUp" finished-at="2025-12-26T15:54:49 EET" duration-ms="4578" status="PASS">
          <reporter-output>
          </reporter-output>
        </test-method> <!-- mySetUp -->
        <test-method signature="readData()[pri:2, instance:MyTestCases@23bff419]" started-at="2025-12-26T15:54:49 EET" name="readData" finished-at="2025-12-26T15:54:50 EET" duration-ms="397" status="PASS">
          <reporter-output>
          </reporter-output>
        </test-method> <!-- readData -->
        <test-method is-config="true" signature="muAfterTest()[pri:0, instance:MyTestCases@23bff419]" started-at="2025-12-26T15:54:50 EET" name="muAfterTest" finished-at="2025-12-26T15:54:50 EET" duration-ms="1" status="PASS">
          <reporter-output>
          </reporter-output>
        </test-method> <!-- muAfterTest -->
      </class> <!-- MyTestCases -->
    </test> <!-- Default test -->
  </suite> <!-- Default suite -->
</testng-results>
