<?xml version="1.0" encoding="UTF-8"?>
<!-- Generated by org.testng.reporters.JUnitReportReporter -->
<testsuite hostname="DESKTOP-FQQ0RHP" failures="0" tests="4" name="MyTestCases" time="0.397" errors="0" timestamp="2025-12-26T15:54:50 EET" skipped="3">
  <testcase classname="MyTestCases" name="readData" time="0.397"/>
  <testcase classname="MyTestCases" name="updateData">
    <skipped/>
  </testcase> <!-- updateData -->
  <testcase classname="MyTestCases" name="addData">
    <skipped/>
  </testcase> <!-- addData -->
  <testcase classname="MyTestCases" name="deleteData">
    <skipped/>
  </testcase> <!-- deleteData -->
</testsuite> <!-- MyTestCases -->
